MPASM 5.82                          MAIN.ASM   1-21-2019  1:27:58         PAGE  1


LOC  OBJECT CODE     LINE SOURCE TEXT
  VALUE

                      00001 ; Author: Dylan Turner
                      00002 ; Filename: main.asm
                      00003 ; Description: 
                      00004 ; Test file for testing ps/2 keyboard input on the PIC
                      00005     
                      00006     list    p=16F887
                      00007     #include "p16f887.inc"
                      00001         LIST
                      00002 
                      00003 ;==========================================================================
                      00004 ; Build date : Sep 19 2018
                      00005 ;  MPASM PIC16F887 processor include
                      00006 ; 
                      00007 ;  (c) Copyright 1999-2018 Microchip Technology, All rights reserved
                      00008 ;==========================================================================
                      00009 
                      00810         LIST
                      00008     ; PIC16F887 Configuration Bit Settings
                      00009     ; CONFIG1
                      00010     ; __config 0x20F5
2007   20F5           00011      __CONFIG _CONFIG1, _FOSC_INTRC_CLKOUT & _WDTE_OFF & _PWRTE_OFF & _MCLRE_ON & _CP_OFF & _CPD_OFF & _
                            BOREN_OFF & _IESO_OFF & _FCMEN_OFF & _LVP_OFF
                      00012     ; CONFIG2
                      00013     ; __config 0x3EFF
2008   3EFF           00014      __CONFIG _CONFIG2, _BOR4V_BOR21V & _WRT_OFF
                      00015     
                      00016     radix   dec
                      00017    
  00000028            00018 BUFF_SIZE   equ     40
                      00019    
                      00020     udata   0x20                        ; Register file locations for system variables
                      00021     
0020                  00022 key_storage res     BUFF_SIZE           ; Buffer to store inputted keys
0048                  00023 key_index   res     1
                      00024 
                      00025 RES_VECT    CODE    0x0000              ; Processor reset vector
0000   2???           00026     goto    start
                      00027     
                      00028 INT_VECT    CODE    0x0004              ; interrupt vector
0004   138B           00029     bcf     INTCON, GIE                 ; Disable interrupts
0005   2???           00030     call    keyboard_handler            ; Read in keyboard data
0006   178B           00031     bsf     INTCON, GIE                 ; Re-enable interrupts
                      00032     
                      00033 MAIN_PROG   CODE
0000                  00034 start
0000   2???           00035     call    setup
0001   2???           00036     goto $
                      00037 
                      00038 ; Description:
                      00039 ; Initialize which ever two pins on whatever port you want in oreder to be read from the clock
0002                  00040 setup
                      00041     ; Initialize port b as interrupt and read data
0002   1683 1303      00042     banksel TRISB
MPASM 5.82                          MAIN.ASM   1-21-2019  1:27:58         PAGE  2


LOC  OBJECT CODE     LINE SOURCE TEXT
  VALUE

Message[302]: Register in operand not in bank 0.  Ensure that bank bits are correct.
0004   1406           00043     bsf     TRISB, RB0                  ; Set data and clock as inputs (RB0 & RB1)
Message[302]: Register in operand not in bank 0.  Ensure that bank bits are correct.
0005   1486           00044     bsf     TRISB, RB1
0006   1683 1703      00045     banksel ANSELH
Message[302]: Register in operand not in bank 0.  Ensure that bank bits are correct.
0008   0189           00046     clrf    ANSELH                      ; Digital not analog
0009   1683 1303      00047     banksel OPTION_REG
Message[302]: Register in operand not in bank 0.  Ensure that bank bits are correct.
000B   1381           00048     bcf     OPTION_REG, NOT_RBPU        ; Set up internal pullups
000C   1683 1303      00049     banksel WPUB
Message[302]: Register in operand not in bank 0.  Ensure that bank bits are correct.
000E   1415           00050     bsf     WPUB, WPUB0
Message[302]: Register in operand not in bank 0.  Ensure that bank bits are correct.
000F   1495           00051     bsf     WPUB, WPUB1
0010   1683 1303      00052     banksel IOCB
Message[302]: Register in operand not in bank 0.  Ensure that bank bits are correct.
0012   1496           00053     bsf     IOCB, IOCB1                 ; Set change of state interrupt to CLOCK pin (RB1)
                      00054 
                      00055     ; Enable interrupts
0013   1283 1303      00056     banksel INTCON
0015   178B           00057     bsf     INTCON, GIE                 ; Enable global interrupts
0016   158B           00058     bsf     INTCON, RBIE                ; Enable RBIE
0017   140B           00059     bsf     INTCON, RBIF                ; Clear RBIF
                      00060 
0018   0008           00061     return
                      00062 
                      00063 ; Description:
                      00064 ; Triggering on keyboard clock down, this takes in data from a PS/2 keyboard
0019                  00065 keyboard_handler
0019   1C0B           00066     btfss   INTCON, RBIF                ; If interrupt is not port b then return
001A   0008           00067     return
001B   100B           00068     bcf     INTCON, RBIF                ; Reset interrupt
001C   1C86           00069     btfss   PORTB, RB1                  ; Skip if rising edge and return
001D   0008           00070     return
                      00071 
                      00072     ; Read ll bits from keyboard
001E   08??           00073     movf    key_index, w
001F   3C28           00074     sublw   BUFF_SIZE
0020   1903           00075     btfsc   STATUS, Z                   ; If index is at 40
0021   01??           00076     clrf    key_index                   ; then clear it
                      00077     
0022   30??           00078     movlw   key_storage                 ; Move the fsr to point to current place in buffer
0023   0084           00079     movwf   FSR
0024   30??           00080     movlw   key_index
0025   0784           00081     addwf   FSR, f
                      00082    
0026                  00083 wait_for_data0_high
0026   1C86           00084     btfss   PORTB, RB1
0027   2???           00085     goto    wait_for_data0_high
0028                  00086 wait_for_data0_low
0028   1886           00087     btfsc   PORTB, RB1
0029   2???           00088     goto wait_for_data0_low
MPASM 5.82                          MAIN.ASM   1-21-2019  1:27:58         PAGE  3


LOC  OBJECT CODE     LINE SOURCE TEXT
  VALUE

002A   1C06           00089     btfss   PORTB, RB0                  ; Read 1st data bit; if 0 then set address to 0
002B   1000           00090     bcf     INDF, 0  ; NOTE: LSB 1st
002C   1806           00091     btfsc   PORTB, RB0
002D   1400           00092     bsf     INDF, 0
                      00093    
002E                  00094 wait_for_data1_high
002E   1C86           00095     btfss   PORTB, RB1
002F   2???           00096     goto    wait_for_data1_high
0030                  00097 wait_for_data1_low
0030   1886           00098     btfsc   PORTB, RB1
0031   2???           00099     goto    wait_for_data1_low
0032   1C06           00100     btfss   PORTB, RB0                  ; Read 1st data bit; if 0 then set address to 0
0033   1080           00101     bcf     INDF, 1  ; NOTE: LSB 1st
0034   1806           00102     btfsc   PORTB, RB0
0035   1480           00103     bsf     INDF, 1
                      00104    
0036                  00105 wait_for_data2_high
0036   1C86           00106     btfss   PORTB, RB1
0037   2???           00107     goto    wait_for_data2_high
0038                  00108 wait_for_data2_low
0038   1886           00109     btfsc   PORTB, RB1
0039   2???           00110     goto    wait_for_data2_low
003A   1C06           00111     btfss   PORTB, RB0                  ; Read 1st data bit; if 0 then set address to 0
003B   1100           00112     bcf     INDF, 2  ; NOTE: LSB 1st
003C   1806           00113     btfsc   PORTB, RB0
003D   1500           00114     bsf     INDF, 2
                      00115    
003E                  00116 wait_for_data3_high
003E   1C86           00117     btfss   PORTB, RB1
003F   2???           00118     goto    wait_for_data3_high
0040                  00119 wait_for_data3_low
0040   1886           00120     btfsc   PORTB, RB1
0041   2???           00121     goto wait_for_data3_low
0042   1C06           00122     btfss   PORTB, RB0                  ; Read 1st data bit; if 0 then set address to 0
0043   1180           00123     bcf     INDF, 3  ; NOTE: LSB 1st
0044   1806           00124     btfsc   PORTB, RB0
0045   1580           00125     bsf     INDF, 3
                      00126    
0046                  00127 wait_for_data4_high
0046   1C86           00128     btfss   PORTB, RB1
0047   2???           00129     goto    wait_for_data4_high
0048                  00130 wait_for_data4_low
0048   1886           00131     btfsc   PORTB, RB1
0049   2???           00132     goto    wait_for_data4_low
004A   1C06           00133     btfss   PORTB, RB0                  ; Read 1st data bit; if 0 then set address to 0
004B   1200           00134     bcf     INDF, 4  ; NOTE: LSB 1st
004C   1806           00135     btfsc   PORTB, RB0
004D   1600           00136     bsf     INDF, 4
                      00137    
004E                  00138 wait_for_data5_high
004E   1C86           00139     btfss   PORTB, RB1
004F   2???           00140     goto    wait_for_data5_high
0050                  00141 wait_for_data5_low
MPASM 5.82                          MAIN.ASM   1-21-2019  1:27:58         PAGE  4


LOC  OBJECT CODE     LINE SOURCE TEXT
  VALUE

0050   1886           00142     btfsc   PORTB, RB1
0051   2???           00143     goto    wait_for_data5_low
0052   1C06           00144     btfss   PORTB, RB0                  ; Read 1st data bit; if 0 then set address to 0
0053   1280           00145     bcf     INDF, 5  ; NOTE: LSB 1st
0054   1806           00146     btfsc   PORTB, RB0
0055   1680           00147     bsf     INDF, 5
                      00148    
0056                  00149 wait_for_data6_high
0056   1C86           00150     btfss   PORTB, RB1
0057   2???           00151     goto    wait_for_data6_high
0058                  00152 wait_for_data6_low
0058   1886           00153     btfsc   PORTB, RB1
0059   2???           00154     goto    wait_for_data6_low
005A   1C06           00155     btfss   PORTB, RB0                  ; Read 1st data bit; if 0 then set address to 0
005B   1300           00156     bcf     INDF, 6  ; NOTE: LSB 1st
005C   1806           00157     btfsc   PORTB, RB0
005D   1700           00158     bsf     INDF, 6
                      00159    
005E                  00160 wait_for_data7_high
005E   1C86           00161     btfss    PORTB, RB1
005F   2???           00162     goto    wait_for_data7_high
0060                  00163 wait_for_data7_low
0060   1886           00164     btfsc   PORTB, RB1
0061   2???           00165     goto    wait_for_data7_low
0062   1C06           00166     btfss   PORTB, RB0                  ; Read 1st data bit; if 0 then set address to 0
0063   1380           00167     bcf     INDF, 7  ; NOTE: LSB 1st
0064   1806           00168     btfsc   PORTB, RB0
0065   1780           00169     bsf     INDF, 7
                      00170    
0066                  00171 wait_for_parity_high
0066   1C86           00172     btfss   PORTB, RB1
0067   2???           00173     goto    wait_for_parity_high
0068                  00174 wait_for_parity_low
0068   1886           00175     btfsc   PORTB, RB1
0069   2???           00176     goto    wait_for_parity_low
                      00177     
006A                  00178 wait_for_stop_high
006A   1C86           00179     btfss   PORTB, RB1
006B   2???           00180     goto    wait_for_stop_high
006C                  00181 wait_for_stop_low
006C   1886           00182     btfsc   PORTB, RB1
006D   2???           00183     goto    wait_for_stop_low
                      00184     
Message[305]: Using default destination of 1 (file).
006E   0A??           00185     incf    key_index                   ; Update the key_index to keep loading
                      00186     
006F   0008           00187     return
20F5 3EFF             00188     end
MPASM 5.82                          MAIN.ASM   1-21-2019  1:27:58         PAGE  5


SYMBOL TABLE
  LABEL                             VALUE 

ABDEN                             00000000
ABDOVF                            00000007
ACKDT                             00000005
ACKEN                             00000004
ACKSTAT                           00000006
ADCON0                            0000001F
ADCON1                            0000009F
ADCS0                             00000006
ADCS1                             00000007
ADDEN                             00000003
ADFM                              00000007
ADIE                              00000006
ADIF                              00000006
ADON                              00000000
ADRESH                            0000001E
ADRESL                            0000009E
ANS0                              00000000
ANS1                              00000001
ANS10                             00000002
ANS11                             00000003
ANS12                             00000004
ANS13                             00000005
ANS2                              00000002
ANS3                              00000003
ANS4                              00000004
ANS5                              00000005
ANS6                              00000006
ANS7                              00000007
ANS8                              00000000
ANS9                              00000001
ANSEL                             00000188
ANSELH                            00000189
BAUDCTL                           00000187
BCLIE                             00000003
BCLIF                             00000003
BF                                00000000
BRG0                              00000000
BRG1                              00000001
BRG10                             00000002
BRG11                             00000003
BRG12                             00000004
BRG13                             00000005
BRG14                             00000006
BRG15                             00000007
BRG16                             00000003
BRG2                              00000002
BRG3                              00000003
BRG4                              00000004
BRG5                              00000005
BRG6                              00000006
BRG7                              00000007
BRG8                              00000000
BRG9                              00000001
MPASM 5.82                          MAIN.ASM   1-21-2019  1:27:58         PAGE  6


SYMBOL TABLE
  LABEL                             VALUE 

BRGH                              00000002
BUFF_SIZE                         00000028
C                                 00000000
C1CH0                             00000000
C1CH1                             00000001
C1IE                              00000005
C1IF                              00000005
C1OE                              00000005
C1ON                              00000007
C1OUT                             00000006
C1POL                             00000004
C1R                               00000002
C1RSEL                            00000005
C1SEN                             00000005
C2CH0                             00000000
C2CH1                             00000001
C2IE                              00000006
C2IF                              00000006
C2OE                              00000005
C2ON                              00000007
C2OUT                             00000006
C2POL                             00000004
C2R                               00000002
C2REN                             00000004
C2RSEL                            00000004
C2SYNC                            00000000
CCP1CON                           00000017
CCP1IE                            00000002
CCP1IF                            00000002
CCP1M0                            00000000
CCP1M1                            00000001
CCP1M2                            00000002
CCP1M3                            00000003
CCP1X                             00000005
CCP1Y                             00000004
CCP2CON                           0000001D
CCP2IE                            00000000
CCP2IF                            00000000
CCP2M0                            00000000
CCP2M1                            00000001
CCP2M2                            00000002
CCP2M3                            00000003
CCP2X                             00000005
CCP2Y                             00000004
CCPR1                             00000015
CCPR1H                            00000016
CCPR1L                            00000015
CCPR2                             0000001B
CCPR2H                            0000001C
CCPR2L                            0000001B
CHS0                              00000002
CHS1                              00000003
CHS2                              00000004
MPASM 5.82                          MAIN.ASM   1-21-2019  1:27:58         PAGE  7


SYMBOL TABLE
  LABEL                             VALUE 

CHS3                              00000005
CKE                               00000006
CKP                               00000004
CM1CON0                           00000107
CM2CON0                           00000108
CM2CON1                           00000109
CREN                              00000004
CSRC                              00000007
D                                 00000005
DATA_ADDRESS                      00000005
DC                                00000001
DC1B0                             00000004
DC1B1                             00000005
DC2B0                             00000004
DC2B1                             00000005
D_A                               00000005
D_NOT_A                           00000005
ECCPAS                            0000009C
ECCPAS0                           00000004
ECCPAS1                           00000005
ECCPAS2                           00000006
ECCPASE                           00000007
EEADR                             0000010D
EEADRH                            0000010F
EECON1                            0000018C
EECON2                            0000018D
EEDAT                             0000010C
EEDATA                            0000010C
EEDATH                            0000010E
EEIE                              00000004
EEIF                              00000004
EEPGD                             00000007
F                                 00000001
FERR                              00000002
FSR                               00000004
FVREN                             00000000
GCEN                              00000007
GIE                               00000007
GO                                00000001
GO_DONE                           00000001
GO_NOT_DONE                       00000001
HTS                               00000002
I2C_DATA                          00000005
I2C_READ                          00000002
I2C_START                         00000003
I2C_STOP                          00000004
INDF                              00000000
INTCON                            0000000B
INTE                              00000004
INTEDG                            00000006
INTF                              00000001
IOCB                              00000096
IOCB0                             00000000
MPASM 5.82                          MAIN.ASM   1-21-2019  1:27:58         PAGE  8


SYMBOL TABLE
  LABEL                             VALUE 

IOCB1                             00000001
IOCB2                             00000002
IOCB3                             00000003
IOCB4                             00000004
IOCB5                             00000005
IOCB6                             00000006
IOCB7                             00000007
IRCF0                             00000004
IRCF1                             00000005
IRCF2                             00000006
IRP                               00000007
LTS                               00000001
MC1OUT                            00000007
MC2OUT                            00000006
MSK                               00000093
MSK0                              00000000
MSK1                              00000001
MSK2                              00000002
MSK3                              00000003
MSK4                              00000004
MSK5                              00000005
MSK6                              00000006
MSK7                              00000007
NOT_A                             00000005
NOT_ADDRESS                       00000005
NOT_BO                            00000000
NOT_BOR                           00000000
NOT_DONE                          00000001
NOT_PD                            00000003
NOT_POR                           00000001
NOT_RBPU                          00000007
NOT_RC8                           00000006
NOT_T1SYNC                        00000002
NOT_TO                            00000004
NOT_TX8                           00000006
NOT_W                             00000002
NOT_WRITE                         00000002
OERR                              00000001
OPTION_REG                        00000081
OSCCON                            0000008F
OSCTUNE                           00000090
OSFIE                             00000007
OSFIF                             00000007
OSTS                              00000003
P                                 00000004
P1M0                              00000006
P1M1                              00000007
PCL                               00000002
PCLATH                            0000000A
PCON                              0000008E
PDC0                              00000000
PDC1                              00000001
PDC2                              00000002
MPASM 5.82                          MAIN.ASM   1-21-2019  1:27:58         PAGE  9


SYMBOL TABLE
  LABEL                             VALUE 

PDC3                              00000003
PDC4                              00000004
PDC5                              00000005
PDC6                              00000006
PEIE                              00000006
PEN                               00000002
PIE1                              0000008C
PIE2                              0000008D
PIR1                              0000000C
PIR2                              0000000D
PORTA                             00000005
PORTB                             00000006
PORTC                             00000007
PORTD                             00000008
PORTE                             00000009
PR2                               00000092
PRSEN                             00000007
PS0                               00000000
PS1                               00000001
PS2                               00000002
PSA                               00000003
PSSAC0                            00000002
PSSAC1                            00000003
PSSBD0                            00000000
PSSBD1                            00000001
PSTRCON                           0000009D
PULSR                             00000002
PULSS                             00000003
PWM1CON                           0000009B
R                                 00000002
RA0                               00000000
RA1                               00000001
RA2                               00000002
RA3                               00000003
RA4                               00000004
RA5                               00000005
RA6                               00000006
RA7                               00000007
RB0                               00000000
RB1                               00000001
RB2                               00000002
RB3                               00000003
RB4                               00000004
RB5                               00000005
RB6                               00000006
RB7                               00000007
RBIE                              00000003
RBIF                              00000000
RC0                               00000000
RC1                               00000001
RC2                               00000002
RC3                               00000003
RC4                               00000004
MPASM 5.82                          MAIN.ASM   1-21-2019  1:27:58         PAGE 10


SYMBOL TABLE
  LABEL                             VALUE 

RC5                               00000005
RC6                               00000006
RC7                               00000007
RC8_9                             00000006
RC9                               00000006
RCD8                              00000000
RCEN                              00000003
RCIDL                             00000006
RCIE                              00000005
RCIF                              00000005
RCREG                             0000001A
RCSTA                             00000018
RD                                00000000
RD0                               00000000
RD1                               00000001
RD2                               00000002
RD3                               00000003
RD4                               00000004
RD5                               00000005
RD6                               00000006
RD7                               00000007
RE0                               00000000
RE1                               00000001
RE2                               00000002
RE3                               00000003
READ_WRITE                        00000002
RP0                               00000005
RP1                               00000006
RSEN                              00000001
RX9                               00000006
RX9D                              00000000
R_NOT_W                           00000002
R_W                               00000002
S                                 00000003
SBOREN                            00000004
SCKP                              00000004
SCS                               00000000
SEN                               00000000
SENDB                             00000003
SMP                               00000007
SPBRG                             00000099
SPBRGH                            0000009A
SPEN                              00000007
SR0                               00000006
SR1                               00000007
SRCON                             00000185
SREN                              00000005
SSPADD                            00000093
SSPBUF                            00000013
SSPCON                            00000014
SSPCON2                           00000091
SSPEN                             00000005
SSPIE                             00000003
MPASM 5.82                          MAIN.ASM   1-21-2019  1:27:58         PAGE 11


SYMBOL TABLE
  LABEL                             VALUE 

SSPIF                             00000003
SSPM0                             00000000
SSPM1                             00000001
SSPM2                             00000002
SSPM3                             00000003
SSPMSK                            00000093
SSPOV                             00000006
SSPSTAT                           00000094
STATUS                            00000003
STRA                              00000000
STRB                              00000001
STRC                              00000002
STRD                              00000003
STRSYNC                           00000004
SWDTEN                            00000000
SYNC                              00000004
T0CS                              00000005
T0IE                              00000005
T0IF                              00000002
T0SE                              00000004
T1CKPS0                           00000004
T1CKPS1                           00000005
T1CON                             00000010
T1GINV                            00000007
T1GIV                             00000007
T1GSS                             00000001
T1INSYNC                          00000002
T1OSCEN                           00000003
T1SYNC                            00000002
T2CKPS0                           00000000
T2CKPS1                           00000001
T2CON                             00000012
TMR0                              00000001
TMR0IE                            00000005
TMR0IF                            00000002
TMR1                              0000000E
TMR1CS                            00000001
TMR1GE                            00000006
TMR1H                             0000000F
TMR1IE                            00000000
TMR1IF                            00000000
TMR1L                             0000000E
TMR1ON                            00000000
TMR2                              00000011
TMR2IE                            00000001
TMR2IF                            00000001
TMR2ON                            00000002
TOUTPS0                           00000003
TOUTPS1                           00000004
TOUTPS2                           00000005
TOUTPS3                           00000006
TRISA                             00000085
TRISA0                            00000000
MPASM 5.82                          MAIN.ASM   1-21-2019  1:27:58         PAGE 12


SYMBOL TABLE
  LABEL                             VALUE 

TRISA1                            00000001
TRISA2                            00000002
TRISA3                            00000003
TRISA4                            00000004
TRISA5                            00000005
TRISA6                            00000006
TRISA7                            00000007
TRISB                             00000086
TRISB0                            00000000
TRISB1                            00000001
TRISB2                            00000002
TRISB3                            00000003
TRISB4                            00000004
TRISB5                            00000005
TRISB6                            00000006
TRISB7                            00000007
TRISC                             00000087
TRISC0                            00000000
TRISC1                            00000001
TRISC2                            00000002
TRISC3                            00000003
TRISC4                            00000004
TRISC5                            00000005
TRISC6                            00000006
TRISC7                            00000007
TRISD                             00000088
TRISD0                            00000000
TRISD1                            00000001
TRISD2                            00000002
TRISD3                            00000003
TRISD4                            00000004
TRISD5                            00000005
TRISD6                            00000006
TRISD7                            00000007
TRISE                             00000089
TRISE0                            00000000
TRISE1                            00000001
TRISE2                            00000002
TRISE3                            00000003
TRMT                              00000001
TUN0                              00000000
TUN1                              00000001
TUN2                              00000002
TUN3                              00000003
TUN4                              00000004
TX8_9                             00000006
TX9                               00000006
TX9D                              00000000
TXD8                              00000000
TXEN                              00000005
TXIE                              00000004
TXIF                              00000004
TXREG                             00000019
MPASM 5.82                          MAIN.ASM   1-21-2019  1:27:58         PAGE 13


SYMBOL TABLE
  LABEL                             VALUE 

TXSTA                             00000098
UA                                00000001
ULPWUE                            00000005
ULPWUIE                           00000002
ULPWUIF                           00000002
VCFG0                             00000004
VCFG1                             00000005
VR0                               00000000
VR1                               00000001
VR2                               00000002
VR3                               00000003
VRCON                             00000097
VREN                              00000007
VROE                              00000006
VRR                               00000005
VRSS                              00000004
W                                 00000000
WCOL                              00000007
WDTCON                            00000105
WDTPS0                            00000001
WDTPS1                            00000002
WDTPS2                            00000003
WDTPS3                            00000004
WPUB                              00000095
WPUB0                             00000000
WPUB1                             00000001
WPUB2                             00000002
WPUB3                             00000003
WPUB4                             00000004
WPUB5                             00000005
WPUB6                             00000006
WPUB7                             00000007
WR                                00000001
WREN                              00000002
WRERR                             00000003
WUE                               00000001
Z                                 00000002
_BOR21V                           00003EFF
_BOR40V                           00003FFF
_BOR4V_BOR21V                     00003EFF
_BOR4V_BOR40V                     00003FFF
_BOREN_NSLEEP                     00003EFF
_BOREN_OFF                        00003CFF
_BOREN_ON                         00003FFF
_BOREN_SBODEN                     00003DFF
_BOR_NSLEEP                       00003EFF
_BOR_OFF                          00003CFF
_BOR_ON                           00003FFF
_BOR_SBODEN                       00003DFF
_CONFIG1                          00002007
_CONFIG2                          00002008
_CPD_OFF                          00003FFF
_CPD_ON                           00003F7F
MPASM 5.82                          MAIN.ASM   1-21-2019  1:27:58         PAGE 14


SYMBOL TABLE
  LABEL                             VALUE 

_CP_OFF                           00003FFF
_CP_ON                            00003FBF
_DEBUG_OFF                        00003FFF
_DEBUG_ON                         00001FFF
_DEVID1                           00002006
_EC_OSC                           00003FFB
_EXTRC                            00003FFF
_EXTRCIO                          00003FFE
_EXTRC_OSC_CLKOUT                 00003FFF
_EXTRC_OSC_NOCLKOUT               00003FFE
_FCMEN_OFF                        000037FF
_FCMEN_ON                         00003FFF
_FOSC_EC                          00003FFB
_FOSC_EXTRC_CLKOUT                00003FFF
_FOSC_EXTRC_NOCLKOUT              00003FFE
_FOSC_HS                          00003FFA
_FOSC_INTRC_CLKOUT                00003FFD
_FOSC_INTRC_NOCLKOUT              00003FFC
_FOSC_LP                          00003FF8
_FOSC_XT                          00003FF9
_HS_OSC                           00003FFA
_IDLOC0                           00002000
_IDLOC1                           00002001
_IDLOC2                           00002002
_IDLOC3                           00002003
_IESO_OFF                         00003BFF
_IESO_ON                          00003FFF
_INTOSC                           00003FFD
_INTOSCIO                         00003FFC
_INTRC_OSC_CLKOUT                 00003FFD
_INTRC_OSC_NOCLKOUT               00003FFC
_LP_OSC                           00003FF8
_LVP_OFF                          00002FFF
_LVP_ON                           00003FFF
_MAIN_PROG_0001                   00000001
_MCLRE_OFF                        00003FDF
_MCLRE_ON                         00003FFF
_PWRTE_OFF                        00003FFF
_PWRTE_ON                         00003FEF
_WDTE_OFF                         00003FF7
_WDTE_ON                          00003FFF
_WDT_OFF                          00003FF7
_WDT_ON                           00003FFF
_WRT_1FOURTH                      00003BFF
_WRT_256                          00003DFF
_WRT_HALF                         000039FF
_WRT_OFF                          00003FFF
_XT_OSC                           00003FF9
__16F887                          00000001
key_index                         00000048
key_storage                       00000020
keyboard_handler                  00000019
setup                             00000002
MPASM 5.82                          MAIN.ASM   1-21-2019  1:27:58         PAGE 15


SYMBOL TABLE
  LABEL                             VALUE 

start                             00000000
wait_for_data0_high               00000026
wait_for_data0_low                00000028
wait_for_data1_high               0000002E
wait_for_data1_low                00000030
wait_for_data2_high               00000036
wait_for_data2_low                00000038
wait_for_data3_high               0000003E
wait_for_data3_low                00000040
wait_for_data4_high               00000046
wait_for_data4_low                00000048
wait_for_data5_high               0000004E
wait_for_data5_low                00000050
wait_for_data6_high               00000056
wait_for_data6_low                00000058
wait_for_data7_high               0000005E
wait_for_data7_low                00000060
wait_for_parity_high              00000066
wait_for_parity_low               00000068
wait_for_stop_high                0000006A
wait_for_stop_low                 0000006C

Errors   :     0
Warnings :     0 reported,     0 suppressed
Messages :     8 reported,     0 suppressed

